<?xml version="1.0" encoding="UTF-8"?>
<testsuite xmlns:xsi="http://www.w3.org/2001/XMLSchema-instance" xsi:noNamespaceSchemaLocation="https://maven.apache.org/surefire/maven-surefire-plugin/xsd/surefire-test-report-3.0.xsd" version="3.0" name="at.technikumwien.qds.model.PhotonTest" time="0.323" tests="4" errors="0" skipped="0" failures="0">
  <properties>
[...]
</properties>
  <testcase name="testMachZehnderInterference" classname="at.technikumwien.qds.model.PhotonTest" time="0.07">
    <system-out><![CDATA[test-photon created with State: [1, 0]
]]></system-out>
  </testcase>
  <testcase name="testBeamSplitterStatistics" classname="at.technikumwien.qds.model.PhotonTest" time="0.108">
    <system-out><![CDATA[test-photon created with State: [1, 0]
p0 created with State: [1, 0]
p1 created with State: [1, 0]
p2 created with State: [1, 0]
p3 created with State: [1, 0]
p4 created with State: [1, 0]
p5 created with State: [1, 0]
p6 created with State: [1, 0]
p7 created with State: [1, 0]
p8 created with State: [1, 0]
p9 created with State: [1, 0]
p10 created with State: [1, 0]
p11 created with State: [1, 0]
p12 created with State: [1, 0]
p13 created with State: [1, 0]
p14 created with State: [1, 0]
p15 created with State: [1, 0]
p16 created with State: [1, 0]
p17 created with State: [1, 0]
p18 created with State: [1, 0]
p19 created with State: [1, 0]
p20 created with State: [1, 0]
p21 created with State: [1, 0]
p22 created with State: [1, 0]
p23 created with State: [1, 0]
p24 created with State: [1, 0]
p25 created with State: [1, 0]
p26 created with State: [1, 0]
p27 created with State: [1, 0]
p28 created with State: [1, 0]
p29 created with State: [1, 0]
p30 created with State: [1, 0]
p31 created with State: [1, 0]
p32 created with State: [1, 0]
p33 created with State: [1, 0]
p34 created with State: [1, 0]
p35 created with State: [1, 0]
p36 created with State: [1, 0]
p37 created with State: [1, 0]
p38 created with State: [1, 0]
p39 created with State: [1, 0]
p40 created with State: [1, 0]
p41 created with State: [1, 0]
p42 created with State: [1, 0]
p43 created with State: [1, 0]
p44 created with State: [1, 0]
p45 created with State: [1, 0]
p46 created with State: [1, 0]
p47 created with State: [1, 0]
p48 created with State: [1, 0]
p49 created with State: [1, 0]
p50 created with State: [1, 0]
p51 created with State: [1, 0]
p52 created with State: [1, 0]
p53 created with State: [1, 0]
p54 created with State: [1, 0]
p55 created with State: [1, 0]
p56 created with State: [1, 0]
p57 created with State: [1, 0]
p58 created with State: [1, 0]
p59 created with State: [1, 0]
p60 created with State: [1, 0]
p61 created with State: [1, 0]
p62 created with State: [1, 0]
p63 created with State: [1, 0]
p64 created with State: [1, 0]
p65 created with State: [1, 0]
p66 created with State: [1, 0]
p67 created with State: [1, 0]
p68 created with State: [1, 0]
p69 created with State: [1, 0]
p70 created with State: [1, 0]
p71 created with State: [1, 0]
p72 created with State: [1, 0]
p73 created with State: [1, 0]
p74 created with State: [1, 0]
p75 created with State: [1, 0]
p76 created with State: [1, 0]
p77 created with State: [1, 0]
p78 created with State: [1, 0]
p79 created with State: [1, 0]
p80 created with State: [1, 0]
p81 created with State: [1, 0]
p82 created with State: [1, 0]
p83 created with State: [1, 0]
p84 created with State: [1, 0]
p85 created with State: [1, 0]
p86 created with State: [1, 0]
p87 created with State: [1, 0]
p88 created with State: [1, 0]
p89 created with State: [1, 0]
p90 created with State: [1, 0]
p91 created with State: [1, 0]
p92 created with State: [1, 0]
p93 created with State: [1, 0]
p94 created with State: [1, 0]
p95 created with State: [1, 0]
p96 created with State: [1, 0]
p97 created with State: [1, 0]
p98 created with State: [1, 0]
p99 created with State: [1, 0]
p100 created with State: [1, 0]
p101 created with State: [1, 0]
p102 created with State: [1, 0]
p103 created with State: [1, 0]
p104 created with State: [1, 0]
p105 created with State: [1, 0]
p106 created with State: [1, 0]
p107 created with State: [1, 0]
p108 created with State: [1, 0]
p109 created with State: [1, 0]
p110 created with State: [1, 0]
p111 created with State: [1, 0]
p112 created with State: [1, 0]
p113 created with State: [1, 0]
p114 created with State: [1, 0]
p115 created with State: [1, 0]
p116 created with State: [1, 0]
p117 created with State: [1, 0]
p118 created with State: [1, 0]
p119 created with State: [1, 0]
p120 created with State: [1, 0]
p121 created with State: [1, 0]
p122 created with State: [1, 0]
p123 created with State: [1, 0]
p124 created with State: [1, 0]
p125 created with State: [1, 0]
p126 created with State: [1, 0]
p127 created with State: [1, 0]
p128 created with State: [1, 0]
p129 created with State: [1, 0]
p130 created with State: [1, 0]
p131 created with State: [1, 0]
p132 created with State: [1, 0]
p133 created with State: [1, 0]
p134 created with State: [1, 0]
p135 created with State: [1, 0]
p136 created with State: [1, 0]
p137 created with State: [1, 0]
p138 created with State: [1, 0]
p139 created with State: [1, 0]
p140 created with State: [1, 0]
p141 created with State: [1, 0]
p142 created with State: [1, 0]
p143 created with State: [1, 0]
p144 created with State: [1, 0]
p145 created with State: [1, 0]
p146 created with State: [1, 0]
p147 created with State: [1, 0]
p148 created with State: [1, 0]
p149 created with State: [1, 0]
p150 created with State: [1, 0]
p151 created with State: [1, 0]
p152 created with State: [1, 0]
p153 created with State: [1, 0]
p154 created with State: [1, 0]
p155 created with State: [1, 0]
p156 created with State: [1, 0]
p157 created with State: [1, 0]
p158 created with State: [1, 0]
p159 created with State: [1, 0]
p160 created with State: [1, 0]
p161 created with State: [1, 0]
p162 created with State: [1, 0]
p163 created with State: [1, 0]
p164 created with State: [1, 0]
p165 created with State: [1, 0]
p166 created with State: [1, 0]
p167 created with State: [1, 0]
p168 created with State: [1, 0]
p169 created with State: [1, 0]
p170 created with State: [1, 0]
p171 created with State: [1, 0]
p172 created with State: [1, 0]
p173 created with State: [1, 0]
p174 created with State: [1, 0]
p175 created with State: [1, 0]
p176 created with State: [1, 0]
p177 created with State: [1, 0]
p178 created with State: [1, 0]
p179 created with State: [1, 0]
p180 created with State: [1, 0]
p181 created with State: [1, 0]
p182 created with State: [1, 0]
p183 created with State: [1, 0]
p184 created with State: [1, 0]
p185 created with State: [1, 0]
p186 created with State: [1, 0]
p187 created with State: [1, 0]
p188 created with State: [1, 0]
p189 created with State: [1, 0]
p190 created with State: [1, 0]
p191 created with State: [1, 0]
p192 created with State: [1, 0]
p193 created with State: [1, 0]
p194 created with State: [1, 0]
p195 created with State: [1, 0]
p196 created with State: [1, 0]
p197 created with State: [1, 0]
p198 created with State: [1, 0]
p199 created with State: [1, 0]
p200 created with State: [1, 0]
p201 created with State: [1, 0]
p202 created with State: [1, 0]
p203 created with State: [1, 0]
p204 created with State: [1, 0]
p205 created with State: [1, 0]
p206 created with State: [1, 0]
p207 created with State: [1, 0]
p208 created with State: [1, 0]
p209 created with State: [1, 0]
p210 created with State: [1, 0]
p211 created with State: [1, 0]
p212 created with State: [1, 0]
p213 created with State: [1, 0]
p214 created with State: [1, 0]
p215 created with State: [1, 0]
p216 created with State: [1, 0]
p217 created with State: [1, 0]
p218 created with State: [1, 0]
p219 created with State: [1, 0]
p220 created with State: [1, 0]
p221 created with State: [1, 0]
p222 created with State: [1, 0]
p223 created with State: [1, 0]
p224 created with State: [1, 0]
p225 created with State: [1, 0]
p226 created with State: [1, 0]
p227 created with State: [1, 0]
p228 created with State: [1, 0]
p229 created with State: [1, 0]
p230 created with State: [1, 0]
p231 created with State: [1, 0]
p232 created with State: [1, 0]
p233 created with State: [1, 0]
p234 created with State: [1, 0]
p235 created with State: [1, 0]
p236 created with State: [1, 0]
p237 created with State: [1, 0]
p238 created with State: [1, 0]
p239 created with State: [1, 0]
p240 created with State: [1, 0]
p241 created with State: [1, 0]
p242 created with State: [1, 0]
p243 created with State: [1, 0]
p244 created with State: [1, 0]
p245 created with State: [1, 0]
p246 created with State: [1, 0]
p247 created with State: [1, 0]
p248 created with State: [1, 0]
p249 created with State: [1, 0]
p250 created with State: [1, 0]
p251 created with State: [1, 0]
p252 created with State: [1, 0]
p253 created with State: [1, 0]
p254 created with State: [1, 0]
p255 created with State: [1, 0]
p256 created with State: [1, 0]
p257 created with State: [1, 0]
p258 created with State: [1, 0]
p259 created with State: [1, 0]
p260 created with State: [1, 0]
p261 created with State: [1, 0]
p262 created with State: [1, 0]
p263 created with State: [1, 0]
p264 created with State: [1, 0]
p265 created with State: [1, 0]
p266 created with State: [1, 0]
p267 created with State: [1, 0]
p268 created with State: [1, 0]
p269 created with State: [1, 0]
p270 created with State: [1, 0]
p271 created with State: [1, 0]
p272 created with State: [1, 0]
p273 created with State: [1, 0]
p274 created with State: [1, 0]
p275 created with State: [1, 0]
p276 created with State: [1, 0]
p277 created with State: [1, 0]
p278 created with State: [1, 0]
p279 created with State: [1, 0]
p280 created with State: [1, 0]
p281 created with State: [1, 0]
p282 created with State: [1, 0]
p283 created with State: [1, 0]
p284 created with State: [1, 0]
p285 created with State: [1, 0]
p286 created with State: [1, 0]
p287 created with State: [1, 0]
p288 created with State: [1, 0]
p289 created with State: [1, 0]
p290 created with State: [1, 0]
p291 created with State: [1, 0]
p292 created with State: [1, 0]
p293 created with State: [1, 0]
p294 created with State: [1, 0]
p295 created with State: [1, 0]
p296 created with State: [1, 0]
p297 created with State: [1, 0]
p298 created with State: [1, 0]
p299 created with State: [1, 0]
p300 created with State: [1, 0]
p301 created with State: [1, 0]
p302 created with State: [1, 0]
p303 created with State: [1, 0]
p304 created with State: [1, 0]
p305 created with State: [1, 0]
p306 created with State: [1, 0]
p307 created with State: [1, 0]
p308 created with State: [1, 0]
p309 created with State: [1, 0]
p310 created with State: [1, 0]
p311 created with State: [1, 0]
p312 created with State: [1, 0]
p313 created with State: [1, 0]
p314 created with State: [1, 0]
p315 created with State: [1, 0]
p316 created with State: [1, 0]
p317 created with State: [1, 0]
p318 created with State: [1, 0]
p319 created with State: [1, 0]
p320 created with State: [1, 0]
p321 created with State: [1, 0]
p322 created with State: [1, 0]
p323 created with State: [1, 0]
p324 created with State: [1, 0]
p325 created with State: [1, 0]
p326 created with State: [1, 0]
p327 created with State: [1, 0]
p328 created with State: [1, 0]
p329 created with State: [1, 0]
p330 created with State: [1, 0]
p331 created with State: [1, 0]
p332 created with State: [1, 0]
p333 created with State: [1, 0]
p334 created with State: [1, 0]
p335 created with State: [1, 0]
p336 created with State: [1, 0]
p337 created with State: [1, 0]
p338 created with State: [1, 0]
p339 created with State: [1, 0]
p340 created with State: [1, 0]
p341 created with State: [1, 0]
p342 created with State: [1, 0]
p343 created with State: [1, 0]
p344 created with State: [1, 0]
p345 created with State: [1, 0]
p346 created with State: [1, 0]
p347 created with State: [1, 0]
p348 created with State: [1, 0]
p349 created with State: [1, 0]
p350 created with State: [1, 0]
p351 created with State: [1, 0]
p352 created with State: [1, 0]
p353 created with State: [1, 0]
p354 created with State: [1, 0]
p355 created with State: [1, 0]
p356 created with State: [1, 0]
p357 created with State: [1, 0]
p358 created with State: [1, 0]
p359 created with State: [1, 0]
p360 created with State: [1, 0]
p361 created with State: [1, 0]
p362 created with State: [1, 0]
p363 created with State: [1, 0]
p364 created with State: [1, 0]
p365 created with State: [1, 0]
p366 created with State: [1, 0]
p367 created with State: [1, 0]
p368 created with State: [1, 0]
p369 created with State: [1, 0]
p370 created with State: [1, 0]
p371 created with State: [1, 0]
p372 created with State: [1, 0]
p373 created with State: [1, 0]
p374 created with State: [1, 0]
p375 created with State: [1, 0]
p376 created with State: [1, 0]
p377 created with State: [1, 0]
p378 created with State: [1, 0]
p379 created with State: [1, 0]
p380 created with State: [1, 0]
p381 created with State: [1, 0]
p382 created with State: [1, 0]
p383 created with State: [1, 0]
p384 created with State: [1, 0]
p385 created with State: [1, 0]
p386 created with State: [1, 0]
p387 created with State: [1, 0]
p388 created with State: [1, 0]
p389 created with State: [1, 0]
p390 created with State: [1, 0]
p391 created with State: [1, 0]
p392 created with State: [1, 0]
p393 created with State: [1, 0]
p394 created with State: [1, 0]
p395 created with State: [1, 0]
p396 created with State: [1, 0]
p397 created with State: [1, 0]
p398 created with State: [1, 0]
p399 created with State: [1, 0]
p400 created with State: [1, 0]
p401 created with State: [1, 0]
p402 created with State: [1, 0]
p403 created with State: [1, 0]
p404 created with State: [1, 0]
p405 created with State: [1, 0]
p406 created with State: [1, 0]
p407 created with State: [1, 0]
p408 created with State: [1, 0]
p409 created with State: [1, 0]
p410 created with State: [1, 0]
p411 created with State: [1, 0]
p412 created with State: [1, 0]
p413 created with State: [1, 0]
p414 created with State: [1, 0]
p415 created with State: [1, 0]
p416 created with State: [1, 0]
p417 created with State: [1, 0]
p418 created with State: [1, 0]
p419 created with State: [1, 0]
p420 created with State: [1, 0]
p421 created with State: [1, 0]
p422 created with State: [1, 0]
p423 created with State: [1, 0]
p424 created with State: [1, 0]
p425 created with State: [1, 0]
p426 created with State: [1, 0]
p427 created with State: [1, 0]
p428 created with State: [1, 0]
p429 created with State: [1, 0]
p430 created with State: [1, 0]
p431 created with State: [1, 0]
p432 created with State: [1, 0]
p433 created with State: [1, 0]
p434 created with State: [1, 0]
p435 created with State: [1, 0]
p436 created with State: [1, 0]
p437 created with State: [1, 0]
p438 created with State: [1, 0]
p439 created with State: [1, 0]
p440 created with State: [1, 0]
p441 created with State: [1, 0]
p442 created with State: [1, 0]
p443 created with State: [1, 0]
p444 created with State: [1, 0]
p445 created with State: [1, 0]
p446 created with State: [1, 0]
p447 created with State: [1, 0]
p448 created with State: [1, 0]
p449 created with State: [1, 0]
p450 created with State: [1, 0]
p451 created with State: [1, 0]
p452 created with State: [1, 0]
p453 created with State: [1, 0]
p454 created with State: [1, 0]
p455 created with State: [1, 0]
p456 created with State: [1, 0]
p457 created with State: [1, 0]
p458 created with State: [1, 0]
p459 created with State: [1, 0]
p460 created with State: [1, 0]
p461 created with State: [1, 0]
p462 created with State: [1, 0]
p463 created with State: [1, 0]
p464 created with State: [1, 0]
p465 created with State: [1, 0]
p466 created with State: [1, 0]
p467 created with State: [1, 0]
p468 created with State: [1, 0]
p469 created with State: [1, 0]
p470 created with State: [1, 0]
p471 created with State: [1, 0]
p472 created with State: [1, 0]
p473 created with State: [1, 0]
p474 created with State: [1, 0]
p475 created with State: [1, 0]
p476 created with State: [1, 0]
p477 created with State: [1, 0]
p478 created with State: [1, 0]
p479 created with State: [1, 0]
p480 created with State: [1, 0]
p481 created with State: [1, 0]
p482 created with State: [1, 0]
p483 created with State: [1, 0]
p484 created with State: [1, 0]
p485 created with State: [1, 0]
p486 created with State: [1, 0]
p487 created with State: [1, 0]
p488 created with State: [1, 0]
p489 created with State: [1, 0]
p490 created with State: [1, 0]
p491 created with State: [1, 0]
p492 created with State: [1, 0]
p493 created with State: [1, 0]
p494 created with State: [1, 0]
p495 created with State: [1, 0]
p496 created with State: [1, 0]
p497 created with State: [1, 0]
p498 created with State: [1, 0]
p499 created with State: [1, 0]
p500 created with State: [1, 0]
p501 created with State: [1, 0]
p502 created with State: [1, 0]
p503 created with State: [1, 0]
p504 created with State: [1, 0]
p505 created with State: [1, 0]
p506 created with State: [1, 0]
p507 created with State: [1, 0]
p508 created with State: [1, 0]
p509 created with State: [1, 0]
p510 created with State: [1, 0]
p511 created with State: [1, 0]
p512 created with State: [1, 0]
p513 created with State: [1, 0]
p514 created with State: [1, 0]
p515 created with State: [1, 0]
p516 created with State: [1, 0]
p517 created with State: [1, 0]
p518 created with State: [1, 0]
p519 created with State: [1, 0]
p520 created with State: [1, 0]
p521 created with State: [1, 0]
p522 created with State: [1, 0]
p523 created with State: [1, 0]
p524 created with State: [1, 0]
p525 created with State: [1, 0]
p526 created with State: [1, 0]
p527 created with State: [1, 0]
p528 created with State: [1, 0]
p529 created with State: [1, 0]
p530 created with State: [1, 0]
p531 created with State: [1, 0]
p532 created with State: [1, 0]
p533 created with State: [1, 0]
p534 created with State: [1, 0]
p535 created with State: [1, 0]
p536 created with State: [1, 0]
p537 created with State: [1, 0]
p538 created with State: [1, 0]
p539 created with State: [1, 0]
p540 created with State: [1, 0]
p541 created with State: [1, 0]
p542 created with State: [1, 0]
p543 created with State: [1, 0]
p544 created with State: [1, 0]
p545 created with State: [1, 0]
p546 created with State: [1, 0]
p547 created with State: [1, 0]
p548 created with State: [1, 0]
p549 created with State: [1, 0]
p550 created with State: [1, 0]
p551 created with State: [1, 0]
p552 created with State: [1, 0]
p553 created with State: [1, 0]
p554 created with State: [1, 0]
p555 created with State: [1, 0]
p556 created with State: [1, 0]
p557 created with State: [1, 0]
p558 created with State: [1, 0]
p559 created with State: [1, 0]
p560 created with State: [1, 0]
p561 created with State: [1, 0]
p562 created with State: [1, 0]
p563 created with State: [1, 0]
p564 created with State: [1, 0]
p565 created with State: [1, 0]
p566 created with State: [1, 0]
p567 created with State: [1, 0]
p568 created with State: [1, 0]
p569 created with State: [1, 0]
p570 created with State: [1, 0]
p571 created with State: [1, 0]
p572 created with State: [1, 0]
p573 created with State: [1, 0]
p574 created with State: [1, 0]
p575 created with State: [1, 0]
p576 created with State: [1, 0]
p577 created with State: [1, 0]
p578 created with State: [1, 0]
p579 created with State: [1, 0]
p580 created with State: [1, 0]
p581 created with State: [1, 0]
p582 created with State: [1, 0]
p583 created with State: [1, 0]
p584 created with State: [1, 0]
p585 created with State: [1, 0]
p586 created with State: [1, 0]
p587 created with State: [1, 0]
p588 created with State: [1, 0]
p589 created with State: [1, 0]
p590 created with State: [1, 0]
p591 created with State: [1, 0]
p592 created with State: [1, 0]
p593 created with State: [1, 0]
p594 created with State: [1, 0]
p595 created with State: [1, 0]
p596 created with State: [1, 0]
p597 created with State: [1, 0]
p598 created with State: [1, 0]
p599 created with State: [1, 0]
p600 created with State: [1, 0]
p601 created with State: [1, 0]
p602 created with State: [1, 0]
p603 created with State: [1, 0]
p604 created with State: [1, 0]
p605 created with State: [1, 0]
p606 created with State: [1, 0]
p607 created with State: [1, 0]
p608 created with State: [1, 0]
p609 created with State: [1, 0]
p610 created with State: [1, 0]
p611 created with State: [1, 0]
p612 created with State: [1, 0]
p613 created with State: [1, 0]
p614 created with State: [1, 0]
p615 created with State: [1, 0]
p616 created with State: [1, 0]
p617 created with State: [1, 0]
p618 created with State: [1, 0]
p619 created with State: [1, 0]
p620 created with State: [1, 0]
p621 created with State: [1, 0]
p622 created with State: [1, 0]
p623 created with State: [1, 0]
p624 created with State: [1, 0]
p625 created with State: [1, 0]
p626 created with State: [1, 0]
p627 created with State: [1, 0]
p628 created with State: [1, 0]
p629 created with State: [1, 0]
p630 created with State: [1, 0]
p631 created with State: [1, 0]
p632 created with State: [1, 0]
p633 created with State: [1, 0]
p634 created with State: [1, 0]
p635 created with State: [1, 0]
p636 created with State: [1, 0]
p637 created with State: [1, 0]
p638 created with State: [1, 0]
p639 created with State: [1, 0]
p640 created with State: [1, 0]
p641 created with State: [1, 0]
p642 created with State: [1, 0]
p643 created with State: [1, 0]
p644 created with State: [1, 0]
p645 created with State: [1, 0]
p646 created with State: [1, 0]
p647 created with State: [1, 0]
p648 created with State: [1, 0]
p649 created with State: [1, 0]
p650 created with State: [1, 0]
p651 created with State: [1, 0]
p652 created with State: [1, 0]
p653 created with State: [1, 0]
p654 created with State: [1, 0]
p655 created with State: [1, 0]
p656 created with State: [1, 0]
p657 created with State: [1, 0]
p658 created with State: [1, 0]
p659 created with State: [1, 0]
p660 created with State: [1, 0]
p661 created with State: [1, 0]
p662 created with State: [1, 0]
p663 created with State: [1, 0]
p664 created with State: [1, 0]
p665 created with State: [1, 0]
p666 created with State: [1, 0]
p667 created with State: [1, 0]
p668 created with State: [1, 0]
p669 created with State: [1, 0]
p670 created with State: [1, 0]
p671 created with State: [1, 0]
p672 created with State: [1, 0]
p673 created with State: [1, 0]
p674 created with State: [1, 0]
p675 created with State: [1, 0]
p676 created with State: [1, 0]
p677 created with State: [1, 0]
p678 created with State: [1, 0]
p679 created with State: [1, 0]
p680 created with State: [1, 0]
p681 created with State: [1, 0]
p682 created with State: [1, 0]
p683 created with State: [1, 0]
p684 created with State: [1, 0]
p685 created with State: [1, 0]
p686 created with State: [1, 0]
p687 created with State: [1, 0]
p688 created with State: [1, 0]
p689 created with State: [1, 0]
p690 created with State: [1, 0]
p691 created with State: [1, 0]
p692 created with State: [1, 0]
p693 created with State: [1, 0]
p694 created with State: [1, 0]
p695 created with State: [1, 0]
p696 created with State: [1, 0]
p697 created with State: [1, 0]
p698 created with State: [1, 0]
p699 created with State: [1, 0]
p700 created with State: [1, 0]
p701 created with State: [1, 0]
p702 created with State: [1, 0]
p703 created with State: [1, 0]
p704 created with State: [1, 0]
p705 created with State: [1, 0]
p706 created with State: [1, 0]
p707 created with State: [1, 0]
p708 created with State: [1, 0]
p709 created with State: [1, 0]
p710 created with State: [1, 0]
p711 created with State: [1, 0]
p712 created with State: [1, 0]
p713 created with State: [1, 0]
p714 created with State: [1, 0]
p715 created with State: [1, 0]
p716 created with State: [1, 0]
p717 created with State: [1, 0]
p718 created with State: [1, 0]
p719 created with State: [1, 0]
p720 created with State: [1, 0]
p721 created with State: [1, 0]
p722 created with State: [1, 0]
p723 created with State: [1, 0]
p724 created with State: [1, 0]
p725 created with State: [1, 0]
p726 created with State: [1, 0]
p727 created with State: [1, 0]
p728 created with State: [1, 0]
p729 created with State: [1, 0]
p730 created with State: [1, 0]
p731 created with State: [1, 0]
p732 created with State: [1, 0]
p733 created with State: [1, 0]
p734 created with State: [1, 0]
p735 created with State: [1, 0]
p736 created with State: [1, 0]
p737 created with State: [1, 0]
p738 created with State: [1, 0]
p739 created with State: [1, 0]
p740 created with State: [1, 0]
p741 created with State: [1, 0]
p742 created with State: [1, 0]
p743 created with State: [1, 0]
p744 created with State: [1, 0]
p745 created with State: [1, 0]
p746 created with State: [1, 0]
p747 created with State: [1, 0]
p748 created with State: [1, 0]
p749 created with State: [1, 0]
p750 created with State: [1, 0]
p751 created with State: [1, 0]
p752 created with State: [1, 0]
p753 created with State: [1, 0]
p754 created with State: [1, 0]
p755 created with State: [1, 0]
p756 created with State: [1, 0]
p757 created with State: [1, 0]
p758 created with State: [1, 0]
p759 created with State: [1, 0]
p760 created with State: [1, 0]
p761 created with State: [1, 0]
p762 created with State: [1, 0]
p763 created with State: [1, 0]
p764 created with State: [1, 0]
p765 created with State: [1, 0]
p766 created with State: [1, 0]
p767 created with State: [1, 0]
p768 created with State: [1, 0]
p769 created with State: [1, 0]
p770 created with State: [1, 0]
p771 created with State: [1, 0]
p772 created with State: [1, 0]
p773 created with State: [1, 0]
p774 created with State: [1, 0]
p775 created with State: [1, 0]
p776 created with State: [1, 0]
p777 created with State: [1, 0]
p778 created with State: [1, 0]
p779 created with State: [1, 0]
p780 created with State: [1, 0]
p781 created with State: [1, 0]
p782 created with State: [1, 0]
p783 created with State: [1, 0]
p784 created with State: [1, 0]
p785 created with State: [1, 0]
p786 created with State: [1, 0]
p787 created with State: [1, 0]
p788 created with State: [1, 0]
p789 created with State: [1, 0]
p790 created with State: [1, 0]
p791 created with State: [1, 0]
p792 created with State: [1, 0]
p793 created with State: [1, 0]
p794 created with State: [1, 0]
p795 created with State: [1, 0]
p796 created with State: [1, 0]
p797 created with State: [1, 0]
p798 created with State: [1, 0]
p799 created with State: [1, 0]
p800 created with State: [1, 0]
p801 created with State: [1, 0]
p802 created with State: [1, 0]
p803 created with State: [1, 0]
p804 created with State: [1, 0]
p805 created with State: [1, 0]
p806 created with State: [1, 0]
p807 created with State: [1, 0]
p808 created with State: [1, 0]
p809 created with State: [1, 0]
p810 created with State: [1, 0]
p811 created with State: [1, 0]
p812 created with State: [1, 0]
p813 created with State: [1, 0]
p814 created with State: [1, 0]
p815 created with State: [1, 0]
p816 created with State: [1, 0]
p817 created with State: [1, 0]
p818 created with State: [1, 0]
p819 created with State: [1, 0]
p820 created with State: [1, 0]
p821 created with State: [1, 0]
p822 created with State: [1, 0]
p823 created with State: [1, 0]
p824 created with State: [1, 0]
p825 created with State: [1, 0]
p826 created with State: [1, 0]
p827 created with State: [1, 0]
p828 created with State: [1, 0]
p829 created with State: [1, 0]
p830 created with State: [1, 0]
p831 created with State: [1, 0]
p832 created with State: [1, 0]
p833 created with State: [1, 0]
p834 created with State: [1, 0]
p835 created with State: [1, 0]
p836 created with State: [1, 0]
p837 created with State: [1, 0]
p838 created with State: [1, 0]
p839 created with State: [1, 0]
p840 created with State: [1, 0]
p841 created with State: [1, 0]
p842 created with State: [1, 0]
p843 created with State: [1, 0]
p844 created with State: [1, 0]
p845 created with State: [1, 0]
p846 created with State: [1, 0]
p847 created with State: [1, 0]
p848 created with State: [1, 0]
p849 created with State: [1, 0]
p850 created with State: [1, 0]
p851 created with State: [1, 0]
p852 created with State: [1, 0]
p853 created with State: [1, 0]
p854 created with State: [1, 0]
p855 created with State: [1, 0]
p856 created with State: [1, 0]
p857 created with State: [1, 0]
p858 created with State: [1, 0]
p859 created with State: [1, 0]
p860 created with State: [1, 0]
p861 created with State: [1, 0]
p862 created with State: [1, 0]
p863 created with State: [1, 0]
p864 created with State: [1, 0]
p865 created with State: [1, 0]
p866 created with State: [1, 0]
p867 created with State: [1, 0]
p868 created with State: [1, 0]
p869 created with State: [1, 0]
p870 created with State: [1, 0]
p871 created with State: [1, 0]
p872 created with State: [1, 0]
p873 created with State: [1, 0]
p874 created with State: [1, 0]
p875 created with State: [1, 0]
p876 created with State: [1, 0]
p877 created with State: [1, 0]
p878 created with State: [1, 0]
p879 created with State: [1, 0]
p880 created with State: [1, 0]
p881 created with State: [1, 0]
p882 created with State: [1, 0]
p883 created with State: [1, 0]
p884 created with State: [1, 0]
p885 created with State: [1, 0]
p886 created with State: [1, 0]
p887 created with State: [1, 0]
p888 created with State: [1, 0]
p889 created with State: [1, 0]
p890 created with State: [1, 0]
p891 created with State: [1, 0]
p892 created with State: [1, 0]
p893 created with State: [1, 0]
p894 created with State: [1, 0]
p895 created with State: [1, 0]
p896 created with State: [1, 0]
p897 created with State: [1, 0]
p898 created with State: [1, 0]
p899 created with State: [1, 0]
p900 created with State: [1, 0]
p901 created with State: [1, 0]
p902 created with State: [1, 0]
p903 created with State: [1, 0]
p904 created with State: [1, 0]
p905 created with State: [1, 0]
p906 created with State: [1, 0]
p907 created with State: [1, 0]
p908 created with State: [1, 0]
p909 created with State: [1, 0]
p910 created with State: [1, 0]
p911 created with State: [1, 0]
p912 created with State: [1, 0]
p913 created with State: [1, 0]
p914 created with State: [1, 0]
p915 created with State: [1, 0]
p916 created with State: [1, 0]
p917 created with State: [1, 0]
p918 created with State: [1, 0]
p919 created with State: [1, 0]
p920 created with State: [1, 0]
p921 created with State: [1, 0]
p922 created with State: [1, 0]
p923 created with State: [1, 0]
p924 created with State: [1, 0]
p925 created with State: [1, 0]
p926 created with State: [1, 0]
p927 created with State: [1, 0]
p928 created with State: [1, 0]
p929 created with State: [1, 0]
p930 created with State: [1, 0]
p931 created with State: [1, 0]
p932 created with State: [1, 0]
p933 created with State: [1, 0]
p934 created with State: [1, 0]
p935 created with State: [1, 0]
p936 created with State: [1, 0]
p937 created with State: [1, 0]
p938 created with State: [1, 0]
p939 created with State: [1, 0]
p940 created with State: [1, 0]
p941 created with State: [1, 0]
p942 created with State: [1, 0]
p943 created with State: [1, 0]
p944 created with State: [1, 0]
p945 created with State: [1, 0]
p946 created with State: [1, 0]
p947 created with State: [1, 0]
p948 created with State: [1, 0]
p949 created with State: [1, 0]
p950 created with State: [1, 0]
p951 created with State: [1, 0]
p952 created with State: [1, 0]
p953 created with State: [1, 0]
p954 created with State: [1, 0]
p955 created with State: [1, 0]
p956 created with State: [1, 0]
p957 created with State: [1, 0]
p958 created with State: [1, 0]
p959 created with State: [1, 0]
p960 created with State: [1, 0]
p961 created with State: [1, 0]
p962 created with State: [1, 0]
p963 created with State: [1, 0]
p964 created with State: [1, 0]
p965 created with State: [1, 0]
p966 created with State: [1, 0]
p967 created with State: [1, 0]
p968 created with State: [1, 0]
p969 created with State: [1, 0]
p970 created with State: [1, 0]
p971 created with State: [1, 0]
p972 created with State: [1, 0]
p973 created with State: [1, 0]
p974 created with State: [1, 0]
p975 created with State: [1, 0]
p976 created with State: [1, 0]
p977 created with State: [1, 0]
p978 created with State: [1, 0]
p979 created with State: [1, 0]
p980 created with State: [1, 0]
p981 created with State: [1, 0]
p982 created with State: [1, 0]
p983 created with State: [1, 0]
p984 created with State: [1, 0]
p985 created with State: [1, 0]
p986 created with State: [1, 0]
p987 created with State: [1, 0]
p988 created with State: [1, 0]
p989 created with State: [1, 0]
p990 created with State: [1, 0]
p991 created with State: [1, 0]
p992 created with State: [1, 0]
p993 created with State: [1, 0]
p994 created with State: [1, 0]
p995 created with State: [1, 0]
p996 created with State: [1, 0]
p997 created with State: [1, 0]
p998 created with State: [1, 0]
p999 created with State: [1, 0]
]]></system-out>
  </testcase>
  <testcase name="testCollapseToPath" classname="at.technikumwien.qds.model.PhotonTest" time="0.011">
    <system-out><![CDATA[test-photon created with State: [1, 0]
]]></system-out>
  </testcase>
  <testcase name="testInitialState" classname="at.technikumwien.qds.model.PhotonTest" time="0.004">
    <system-out><![CDATA[test-photon created with State: [1, 0]
]]></system-out>
  </testcase>
</testsuite>